{"D:\\binar\\code\\challenge 4\\consts\\mock-request.const.js": {"path":"D:\\binar\\code\\challenge 4\\consts\\mock-request.const.js","all":false,"statementMap":{"0":{"start":{"line":1,"column":0},"end":{"line":1,"column":75}},"1":{"start":{"line":2,"column":0},"end":{"line":2,"column":12}},"2":{"start":{"line":3,"column":0},"end":{"line":3,"column":13}},"3":{"start":{"line":4,"column":0},"end":{"line":4,"column":15}},"4":{"start":{"line":5,"column":0},"end":{"line":5,"column":14}},"5":{"start":{"line":6,"column":0},"end":{"line":6,"column":16}},"6":{"start":{"line":7,"column":0},"end":{"line":7,"column":61}},"7":{"start":{"line":8,"column":0},"end":{"line":8,"column":6}},"8":{"start":{"line":9,"column":0},"end":{"line":9,"column":2}},"9":{"start":{"line":10,"column":0},"end":{"line":10,"column":0}},"10":{"start":{"line":11,"column":0},"end":{"line":11,"column":29}}},"s":{"0":1,"1":35,"2":35,"3":35,"4":35,"5":35,"6":35,"7":35,"8":35,"9":1,"10":1},"branchMap":{"0":{"type":"branch","line":1,"loc":{"start":{"line":1,"column":20},"end":{"line":9,"column":2}},"locations":[{"start":{"line":1,"column":20},"end":{"line":9,"column":2}}]},"1":{"type":"branch","line":7,"loc":{"start":{"line":7,"column":25},"end":{"line":7,"column":59}},"locations":[{"start":{"line":7,"column":25},"end":{"line":7,"column":59}}]}},"b":{"0":[35],"1":[8]},"fnMap":{"0":{"name":"mockRequest","decl":{"start":{"line":1,"column":20},"end":{"line":9,"column":2}},"loc":{"start":{"line":1,"column":20},"end":{"line":9,"column":2}},"line":1}},"f":{"0":35}}
,"D:\\binar\\code\\challenge 4\\consts\\mock-response.const.js": {"path":"D:\\binar\\code\\challenge 4\\consts\\mock-response.const.js","all":false,"statementMap":{"0":{"start":{"line":1,"column":0},"end":{"line":1,"column":28}},"1":{"start":{"line":2,"column":0},"end":{"line":2,"column":19}},"2":{"start":{"line":3,"column":0},"end":{"line":3,"column":48}},"3":{"start":{"line":4,"column":0},"end":{"line":4,"column":46}},"4":{"start":{"line":5,"column":0},"end":{"line":5,"column":53}},"5":{"start":{"line":6,"column":0},"end":{"line":6,"column":15}},"6":{"start":{"line":7,"column":0},"end":{"line":7,"column":2}},"7":{"start":{"line":8,"column":0},"end":{"line":8,"column":0}},"8":{"start":{"line":9,"column":0},"end":{"line":9,"column":30}}},"s":{"0":1,"1":35,"2":35,"3":35,"4":35,"5":35,"6":35,"7":1,"8":1},"branchMap":{"0":{"type":"branch","line":1,"loc":{"start":{"line":1,"column":21},"end":{"line":7,"column":2}},"locations":[{"start":{"line":1,"column":21},"end":{"line":7,"column":2}}]}},"b":{"0":[35]},"fnMap":{"0":{"name":"mockResponse","decl":{"start":{"line":1,"column":21},"end":{"line":7,"column":2}},"loc":{"start":{"line":1,"column":21},"end":{"line":7,"column":2}},"line":1}},"f":{"0":35}}
,"D:\\binar\\code\\challenge 4\\controllers\\account.controller.js": {"path":"D:\\binar\\code\\challenge 4\\controllers\\account.controller.js","all":false,"statementMap":{"0":{"start":{"line":1,"column":0},"end":{"line":1,"column":42}},"1":{"start":{"line":2,"column":0},"end":{"line":2,"column":0}},"2":{"start":{"line":3,"column":0},"end":{"line":3,"column":41}},"3":{"start":{"line":4,"column":0},"end":{"line":4,"column":9}},"4":{"start":{"line":5,"column":0},"end":{"line":5,"column":58}},"5":{"start":{"line":6,"column":0},"end":{"line":6,"column":35}},"6":{"start":{"line":7,"column":0},"end":{"line":7,"column":21}},"7":{"start":{"line":8,"column":0},"end":{"line":8,"column":54}},"8":{"start":{"line":9,"column":0},"end":{"line":9,"column":5}},"9":{"start":{"line":10,"column":0},"end":{"line":10,"column":1}},"10":{"start":{"line":11,"column":0},"end":{"line":11,"column":0}},"11":{"start":{"line":12,"column":0},"end":{"line":12,"column":0}},"12":{"start":{"line":13,"column":0},"end":{"line":13,"column":44}},"13":{"start":{"line":14,"column":0},"end":{"line":14,"column":29}},"14":{"start":{"line":15,"column":0},"end":{"line":15,"column":9}},"15":{"start":{"line":16,"column":0},"end":{"line":16,"column":62}},"16":{"start":{"line":17,"column":0},"end":{"line":17,"column":40}},"17":{"start":{"line":18,"column":0},"end":{"line":18,"column":12}},"18":{"start":{"line":19,"column":0},"end":{"line":19,"column":10}},"19":{"start":{"line":20,"column":0},"end":{"line":20,"column":23}},"20":{"start":{"line":21,"column":0},"end":{"line":21,"column":71}},"21":{"start":{"line":22,"column":0},"end":{"line":22,"column":9}},"22":{"start":{"line":23,"column":0},"end":{"line":23,"column":37}},"23":{"start":{"line":24,"column":0},"end":{"line":24,"column":21}},"24":{"start":{"line":25,"column":0},"end":{"line":25,"column":54}},"25":{"start":{"line":26,"column":0},"end":{"line":26,"column":5}},"26":{"start":{"line":27,"column":0},"end":{"line":27,"column":1}},"27":{"start":{"line":28,"column":0},"end":{"line":28,"column":0}},"28":{"start":{"line":29,"column":0},"end":{"line":29,"column":0}},"29":{"start":{"line":30,"column":0},"end":{"line":30,"column":43}},"30":{"start":{"line":31,"column":0},"end":{"line":31,"column":9}},"31":{"start":{"line":32,"column":0},"end":{"line":32,"column":35}},"32":{"start":{"line":33,"column":0},"end":{"line":33,"column":53}},"33":{"start":{"line":34,"column":0},"end":{"line":34,"column":44}},"34":{"start":{"line":35,"column":0},"end":{"line":35,"column":12}},"35":{"start":{"line":36,"column":0},"end":{"line":36,"column":10}},"36":{"start":{"line":37,"column":0},"end":{"line":37,"column":22}},"37":{"start":{"line":38,"column":0},"end":{"line":38,"column":68}},"38":{"start":{"line":39,"column":0},"end":{"line":39,"column":9}},"39":{"start":{"line":40,"column":0},"end":{"line":40,"column":0}},"40":{"start":{"line":41,"column":0},"end":{"line":41,"column":55}},"41":{"start":{"line":42,"column":0},"end":{"line":42,"column":19}},"42":{"start":{"line":43,"column":0},"end":{"line":43,"column":46}},"43":{"start":{"line":44,"column":0},"end":{"line":44,"column":66}},"44":{"start":{"line":45,"column":0},"end":{"line":45,"column":27}},"45":{"start":{"line":46,"column":0},"end":{"line":46,"column":29}},"46":{"start":{"line":47,"column":0},"end":{"line":47,"column":14}},"47":{"start":{"line":48,"column":0},"end":{"line":48,"column":12}},"48":{"start":{"line":49,"column":0},"end":{"line":49,"column":10}},"49":{"start":{"line":50,"column":0},"end":{"line":50,"column":34}},"50":{"start":{"line":51,"column":0},"end":{"line":51,"column":21}},"51":{"start":{"line":52,"column":0},"end":{"line":52,"column":54}},"52":{"start":{"line":53,"column":0},"end":{"line":53,"column":5}},"53":{"start":{"line":54,"column":0},"end":{"line":54,"column":1}},"54":{"start":{"line":55,"column":0},"end":{"line":55,"column":0}},"55":{"start":{"line":56,"column":0},"end":{"line":56,"column":63}}},"s":{"0":1,"1":1,"2":1,"3":2,"4":2,"5":1,"6":1,"7":1,"8":1,"9":2,"10":1,"11":1,"12":1,"13":3,"14":3,"15":3,"16":3,"17":3,"18":3,"19":3,"20":1,"21":1,"22":1,"23":1,"24":1,"25":1,"26":3,"27":1,"28":1,"29":1,"30":3,"31":3,"32":3,"33":3,"34":3,"35":3,"36":3,"37":1,"38":1,"39":1,"40":1,"41":1,"42":1,"43":1,"44":1,"45":1,"46":1,"47":1,"48":1,"49":1,"50":1,"51":1,"52":1,"53":3,"54":1,"55":1},"branchMap":{"0":{"type":"branch","line":3,"loc":{"start":{"line":3,"column":20},"end":{"line":10,"column":1}},"locations":[{"start":{"line":3,"column":20},"end":{"line":10,"column":1}}]},"1":{"type":"branch","line":6,"loc":{"start":{"line":6,"column":-2},"end":{"line":9,"column":5}},"locations":[{"start":{"line":6,"column":-2},"end":{"line":9,"column":5}}]},"2":{"type":"branch","line":13,"loc":{"start":{"line":13,"column":23},"end":{"line":27,"column":1}},"locations":[{"start":{"line":13,"column":23},"end":{"line":27,"column":1}}]},"3":{"type":"branch","line":20,"loc":{"start":{"line":20,"column":-2},"end":{"line":20,"column":22}},"locations":[{"start":{"line":20,"column":-2},"end":{"line":20,"column":22}}]},"4":{"type":"branch","line":20,"loc":{"start":{"line":20,"column":22},"end":{"line":26,"column":5}},"locations":[{"start":{"line":20,"column":22},"end":{"line":26,"column":5}}]},"5":{"type":"branch","line":30,"loc":{"start":{"line":30,"column":22},"end":{"line":54,"column":1}},"locations":[{"start":{"line":30,"column":22},"end":{"line":54,"column":1}}]},"6":{"type":"branch","line":37,"loc":{"start":{"line":37,"column":-2},"end":{"line":37,"column":21}},"locations":[{"start":{"line":37,"column":-2},"end":{"line":37,"column":21}}]},"7":{"type":"branch","line":37,"loc":{"start":{"line":37,"column":21},"end":{"line":53,"column":5}},"locations":[{"start":{"line":37,"column":21},"end":{"line":53,"column":5}}]}},"b":{"0":[2],"1":[1],"2":[3],"3":[2],"4":[1],"5":[3],"6":[2],"7":[1]},"fnMap":{"0":{"name":"getAccounts","decl":{"start":{"line":3,"column":20},"end":{"line":10,"column":1}},"loc":{"start":{"line":3,"column":20},"end":{"line":10,"column":1}},"line":3},"1":{"name":"getAccountById","decl":{"start":{"line":13,"column":23},"end":{"line":27,"column":1}},"loc":{"start":{"line":13,"column":23},"end":{"line":27,"column":1}},"line":13},"2":{"name":"createAccount","decl":{"start":{"line":30,"column":22},"end":{"line":54,"column":1}},"loc":{"start":{"line":30,"column":22},"end":{"line":54,"column":1}},"line":30}},"f":{"0":2,"1":3,"2":3}}
,"D:\\binar\\code\\challenge 4\\controllers\\auth.controller.js": {"path":"D:\\binar\\code\\challenge 4\\controllers\\auth.controller.js","all":false,"statementMap":{"0":{"start":{"line":1,"column":0},"end":{"line":1,"column":42}},"1":{"start":{"line":2,"column":0},"end":{"line":2,"column":33}},"2":{"start":{"line":3,"column":0},"end":{"line":3,"column":43}},"3":{"start":{"line":4,"column":0},"end":{"line":4,"column":35}},"4":{"start":{"line":5,"column":0},"end":{"line":5,"column":4}},"5":{"start":{"line":6,"column":0},"end":{"line":6,"column":40}},"6":{"start":{"line":7,"column":0},"end":{"line":7,"column":0}},"7":{"start":{"line":8,"column":0},"end":{"line":8,"column":47}},"8":{"start":{"line":9,"column":0},"end":{"line":9,"column":32}},"9":{"start":{"line":10,"column":0},"end":{"line":10,"column":6}},"10":{"start":{"line":11,"column":0},"end":{"line":11,"column":0}},"11":{"start":{"line":12,"column":0},"end":{"line":12,"column":21}},"12":{"start":{"line":13,"column":0},"end":{"line":13,"column":14}},"13":{"start":{"line":14,"column":0},"end":{"line":14,"column":76}},"14":{"start":{"line":15,"column":0},"end":{"line":15,"column":5}},"15":{"start":{"line":16,"column":0},"end":{"line":16,"column":0}},"16":{"start":{"line":17,"column":0},"end":{"line":17,"column":69}},"17":{"start":{"line":18,"column":0},"end":{"line":18,"column":0}},"18":{"start":{"line":19,"column":0},"end":{"line":19,"column":25}},"19":{"start":{"line":20,"column":0},"end":{"line":20,"column":76}},"20":{"start":{"line":21,"column":0},"end":{"line":21,"column":5}},"21":{"start":{"line":22,"column":0},"end":{"line":22,"column":19}},"22":{"start":{"line":23,"column":0},"end":{"line":23,"column":21}},"23":{"start":{"line":24,"column":0},"end":{"line":24,"column":24}},"24":{"start":{"line":25,"column":0},"end":{"line":25,"column":5}},"25":{"start":{"line":26,"column":0},"end":{"line":26,"column":0}},"26":{"start":{"line":27,"column":0},"end":{"line":27,"column":66}},"27":{"start":{"line":28,"column":0},"end":{"line":28,"column":0}},"28":{"start":{"line":29,"column":0},"end":{"line":29,"column":0}},"29":{"start":{"line":30,"column":0},"end":{"line":30,"column":22}},"30":{"start":{"line":31,"column":0},"end":{"line":31,"column":6}},"31":{"start":{"line":32,"column":0},"end":{"line":32,"column":0}},"32":{"start":{"line":33,"column":0},"end":{"line":33,"column":13}},"33":{"start":{"line":34,"column":0},"end":{"line":34,"column":21}},"34":{"start":{"line":35,"column":0},"end":{"line":35,"column":5}},"35":{"start":{"line":36,"column":0},"end":{"line":36,"column":0}},"36":{"start":{"line":37,"column":0},"end":{"line":37,"column":0}},"37":{"start":{"line":38,"column":0},"end":{"line":38,"column":1}},"38":{"start":{"line":39,"column":0},"end":{"line":39,"column":0}},"39":{"start":{"line":40,"column":0},"end":{"line":40,"column":37}},"40":{"start":{"line":41,"column":0},"end":{"line":41,"column":46}},"41":{"start":{"line":42,"column":0},"end":{"line":42,"column":14}},"42":{"start":{"line":43,"column":0},"end":{"line":43,"column":73}},"43":{"start":{"line":44,"column":0},"end":{"line":44,"column":2}},"44":{"start":{"line":45,"column":0},"end":{"line":45,"column":0}},"45":{"start":{"line":46,"column":0},"end":{"line":46,"column":6}},"46":{"start":{"line":47,"column":0},"end":{"line":47,"column":29}},"47":{"start":{"line":48,"column":0},"end":{"line":48,"column":42}},"48":{"start":{"line":49,"column":0},"end":{"line":49,"column":7}},"49":{"start":{"line":50,"column":0},"end":{"line":50,"column":60}},"50":{"start":{"line":51,"column":0},"end":{"line":51,"column":0}},"51":{"start":{"line":52,"column":0},"end":{"line":52,"column":80}},"52":{"start":{"line":53,"column":0},"end":{"line":53,"column":46}},"53":{"start":{"line":54,"column":0},"end":{"line":54,"column":24}},"54":{"start":{"line":55,"column":0},"end":{"line":55,"column":11}},"55":{"start":{"line":56,"column":0},"end":{"line":56,"column":16}},"56":{"start":{"line":57,"column":0},"end":{"line":57,"column":24}},"57":{"start":{"line":58,"column":0},"end":{"line":58,"column":54}},"58":{"start":{"line":59,"column":0},"end":{"line":59,"column":2}},"59":{"start":{"line":60,"column":0},"end":{"line":60,"column":0}},"60":{"start":{"line":61,"column":0},"end":{"line":61,"column":0}},"61":{"start":{"line":62,"column":0},"end":{"line":62,"column":1}},"62":{"start":{"line":63,"column":0},"end":{"line":63,"column":0}},"63":{"start":{"line":64,"column":0},"end":{"line":64,"column":39}}},"s":{"0":1,"1":1,"2":1,"3":1,"4":3,"5":3,"6":3,"7":3,"8":3,"9":3,"10":3,"11":3,"12":3,"13":1,"14":1,"15":2,"16":2,"17":2,"18":3,"19":1,"20":1,"21":1,"22":1,"23":1,"24":1,"25":1,"26":1,"27":1,"28":1,"29":1,"30":1,"31":1,"32":1,"33":1,"34":1,"35":1,"36":1,"37":1,"38":1,"39":1,"40":4,"41":4,"42":1,"43":1,"44":3,"45":3,"46":3,"47":3,"48":3,"49":4,"50":3,"51":3,"52":2,"53":1,"54":3,"55":4,"56":1,"57":1,"58":1,"59":4,"60":4,"61":4,"62":1,"63":1},"branchMap":{"0":{"type":"branch","line":4,"loc":{"start":{"line":4,"column":14},"end":{"line":38,"column":1}},"locations":[{"start":{"line":4,"column":14},"end":{"line":38,"column":1}}]},"1":{"type":"branch","line":13,"loc":{"start":{"line":13,"column":13},"end":{"line":15,"column":5}},"locations":[{"start":{"line":13,"column":13},"end":{"line":15,"column":5}}]},"2":{"type":"branch","line":15,"loc":{"start":{"line":15,"column":4},"end":{"line":19,"column":24}},"locations":[{"start":{"line":15,"column":4},"end":{"line":19,"column":24}}]},"3":{"type":"branch","line":19,"loc":{"start":{"line":19,"column":24},"end":{"line":38,"column":1}},"locations":[{"start":{"line":19,"column":24},"end":{"line":38,"column":1}}]},"4":{"type":"branch","line":40,"loc":{"start":{"line":40,"column":20},"end":{"line":62,"column":1}},"locations":[{"start":{"line":40,"column":20},"end":{"line":62,"column":1}}]},"5":{"type":"branch","line":42,"loc":{"start":{"line":42,"column":13},"end":{"line":44,"column":2}},"locations":[{"start":{"line":42,"column":13},"end":{"line":44,"column":2}}]},"6":{"type":"branch","line":44,"loc":{"start":{"line":44,"column":1},"end":{"line":50,"column":33}},"locations":[{"start":{"line":44,"column":1},"end":{"line":50,"column":33}}]},"7":{"type":"branch","line":50,"loc":{"start":{"line":50,"column":33},"end":{"line":50,"column":60}},"locations":[{"start":{"line":50,"column":33},"end":{"line":50,"column":60}}]},"8":{"type":"branch","line":50,"loc":{"start":{"line":50,"column":59},"end":{"line":56,"column":3}},"locations":[{"start":{"line":50,"column":59},"end":{"line":56,"column":3}}]},"9":{"type":"branch","line":56,"loc":{"start":{"line":56,"column":3},"end":{"line":59,"column":2}},"locations":[{"start":{"line":56,"column":3},"end":{"line":59,"column":2}}]},"10":{"type":"branch","line":52,"loc":{"start":{"line":52,"column":64},"end":{"line":55,"column":9}},"locations":[{"start":{"line":52,"column":64},"end":{"line":55,"column":9}}]},"11":{"type":"branch","line":53,"loc":{"start":{"line":53,"column":19},"end":{"line":55,"column":9}},"locations":[{"start":{"line":53,"column":19},"end":{"line":55,"column":9}}]}},"b":{"0":[3],"1":[1],"2":[2],"3":[1],"4":[4],"5":[1],"6":[3],"7":[0],"8":[3],"9":[1],"10":[2],"11":[1]},"fnMap":{"0":{"name":"login","decl":{"start":{"line":4,"column":14},"end":{"line":38,"column":1}},"loc":{"start":{"line":4,"column":14},"end":{"line":38,"column":1}},"line":4},"1":{"name":"authenticate","decl":{"start":{"line":40,"column":20},"end":{"line":62,"column":1}},"loc":{"start":{"line":40,"column":20},"end":{"line":62,"column":1}},"line":40}},"f":{"0":3,"1":4}}
,"D:\\binar\\code\\challenge 4\\controllers\\transaction.controller.js": {"path":"D:\\binar\\code\\challenge 4\\controllers\\transaction.controller.js","all":false,"statementMap":{"0":{"start":{"line":1,"column":0},"end":{"line":1,"column":42}},"1":{"start":{"line":2,"column":0},"end":{"line":2,"column":0}},"2":{"start":{"line":3,"column":0},"end":{"line":3,"column":44}},"3":{"start":{"line":4,"column":0},"end":{"line":4,"column":9}},"4":{"start":{"line":5,"column":0},"end":{"line":5,"column":57}},"5":{"start":{"line":6,"column":0},"end":{"line":6,"column":35}},"6":{"start":{"line":7,"column":0},"end":{"line":7,"column":21}},"7":{"start":{"line":8,"column":0},"end":{"line":8,"column":54}},"8":{"start":{"line":9,"column":0},"end":{"line":9,"column":5}},"9":{"start":{"line":10,"column":0},"end":{"line":10,"column":1}},"10":{"start":{"line":11,"column":0},"end":{"line":11,"column":0}},"11":{"start":{"line":12,"column":0},"end":{"line":12,"column":0}},"12":{"start":{"line":13,"column":0},"end":{"line":13,"column":48}},"13":{"start":{"line":14,"column":0},"end":{"line":14,"column":29}},"14":{"start":{"line":15,"column":0},"end":{"line":15,"column":9}},"15":{"start":{"line":16,"column":0},"end":{"line":16,"column":61}},"16":{"start":{"line":17,"column":0},"end":{"line":17,"column":40}},"17":{"start":{"line":18,"column":0},"end":{"line":18,"column":0}},"18":{"start":{"line":19,"column":0},"end":{"line":19,"column":10}},"19":{"start":{"line":20,"column":0},"end":{"line":20,"column":23}},"20":{"start":{"line":21,"column":0},"end":{"line":21,"column":75}},"21":{"start":{"line":22,"column":0},"end":{"line":22,"column":9}},"22":{"start":{"line":23,"column":0},"end":{"line":23,"column":37}},"23":{"start":{"line":24,"column":0},"end":{"line":24,"column":21}},"24":{"start":{"line":25,"column":0},"end":{"line":25,"column":54}},"25":{"start":{"line":26,"column":0},"end":{"line":26,"column":5}},"26":{"start":{"line":27,"column":0},"end":{"line":27,"column":1}},"27":{"start":{"line":28,"column":0},"end":{"line":28,"column":0}},"28":{"start":{"line":29,"column":0},"end":{"line":29,"column":0}},"29":{"start":{"line":30,"column":0},"end":{"line":30,"column":47}},"30":{"start":{"line":31,"column":0},"end":{"line":31,"column":25}},"31":{"start":{"line":32,"column":0},"end":{"line":32,"column":80}},"32":{"start":{"line":33,"column":0},"end":{"line":33,"column":9}},"33":{"start":{"line":34,"column":0},"end":{"line":34,"column":61}},"34":{"start":{"line":35,"column":0},"end":{"line":35,"column":19}},"35":{"start":{"line":36,"column":0},"end":{"line":36,"column":23}},"36":{"start":{"line":37,"column":0},"end":{"line":37,"column":21}},"37":{"start":{"line":38,"column":0},"end":{"line":38,"column":0}},"38":{"start":{"line":39,"column":0},"end":{"line":39,"column":103}},"39":{"start":{"line":40,"column":0},"end":{"line":40,"column":118}},"40":{"start":{"line":41,"column":0},"end":{"line":41,"column":14}},"41":{"start":{"line":42,"column":0},"end":{"line":42,"column":12}},"42":{"start":{"line":43,"column":0},"end":{"line":43,"column":22}},"43":{"start":{"line":44,"column":0},"end":{"line":44,"column":37}},"44":{"start":{"line":45,"column":0},"end":{"line":45,"column":42}},"45":{"start":{"line":46,"column":0},"end":{"line":46,"column":14}},"46":{"start":{"line":47,"column":0},"end":{"line":47,"column":10}},"47":{"start":{"line":48,"column":0},"end":{"line":48,"column":0}},"48":{"start":{"line":49,"column":0},"end":{"line":49,"column":0}},"49":{"start":{"line":50,"column":0},"end":{"line":50,"column":59}},"50":{"start":{"line":51,"column":0},"end":{"line":51,"column":31}},"51":{"start":{"line":52,"column":0},"end":{"line":52,"column":46}},"52":{"start":{"line":53,"column":0},"end":{"line":53,"column":54}},"53":{"start":{"line":54,"column":0},"end":{"line":54,"column":57}},"54":{"start":{"line":55,"column":0},"end":{"line":55,"column":14}},"55":{"start":{"line":56,"column":0},"end":{"line":56,"column":64}},"56":{"start":{"line":57,"column":0},"end":{"line":57,"column":46}},"57":{"start":{"line":58,"column":0},"end":{"line":58,"column":49}},"58":{"start":{"line":59,"column":0},"end":{"line":59,"column":57}},"59":{"start":{"line":60,"column":0},"end":{"line":60,"column":14}},"60":{"start":{"line":61,"column":0},"end":{"line":61,"column":88}},"61":{"start":{"line":62,"column":0},"end":{"line":62,"column":46}},"62":{"start":{"line":63,"column":0},"end":{"line":63,"column":49}},"63":{"start":{"line":64,"column":0},"end":{"line":64,"column":57}},"64":{"start":{"line":65,"column":0},"end":{"line":65,"column":14}},"65":{"start":{"line":66,"column":0},"end":{"line":66,"column":46}},"66":{"start":{"line":67,"column":0},"end":{"line":67,"column":54}},"67":{"start":{"line":68,"column":0},"end":{"line":68,"column":57}},"68":{"start":{"line":69,"column":0},"end":{"line":69,"column":14}},"69":{"start":{"line":70,"column":0},"end":{"line":70,"column":9}},"70":{"start":{"line":71,"column":0},"end":{"line":71,"column":0}},"71":{"start":{"line":72,"column":0},"end":{"line":72,"column":29}},"72":{"start":{"line":73,"column":0},"end":{"line":73,"column":30}},"73":{"start":{"line":74,"column":0},"end":{"line":74,"column":29}},"74":{"start":{"line":75,"column":0},"end":{"line":75,"column":14}},"75":{"start":{"line":76,"column":0},"end":{"line":76,"column":21}},"76":{"start":{"line":77,"column":0},"end":{"line":77,"column":54}},"77":{"start":{"line":78,"column":0},"end":{"line":78,"column":5}},"78":{"start":{"line":79,"column":0},"end":{"line":79,"column":1}},"79":{"start":{"line":80,"column":0},"end":{"line":80,"column":0}},"80":{"start":{"line":81,"column":0},"end":{"line":81,"column":74}}},"s":{"0":1,"1":1,"2":1,"3":2,"4":2,"5":1,"6":1,"7":1,"8":1,"9":2,"10":1,"11":1,"12":1,"13":3,"14":3,"15":3,"16":3,"17":3,"18":3,"19":3,"20":1,"21":1,"22":1,"23":1,"24":1,"25":1,"26":3,"27":1,"28":1,"29":1,"30":4,"31":4,"32":4,"33":4,"34":4,"35":4,"36":4,"37":4,"38":4,"39":4,"40":4,"41":4,"42":4,"43":4,"44":4,"45":4,"46":4,"47":3,"48":3,"49":4,"50":1,"51":1,"52":1,"53":1,"54":1,"55":4,"56":1,"57":1,"58":1,"59":1,"60":1,"61":1,"62":1,"63":1,"64":1,"65":1,"66":1,"67":1,"68":1,"69":1,"70":3,"71":3,"72":3,"73":3,"74":3,"75":4,"76":1,"77":1,"78":4,"79":1,"80":1},"branchMap":{"0":{"type":"branch","line":3,"loc":{"start":{"line":3,"column":23},"end":{"line":10,"column":1}},"locations":[{"start":{"line":3,"column":23},"end":{"line":10,"column":1}}]},"1":{"type":"branch","line":6,"loc":{"start":{"line":6,"column":-2},"end":{"line":9,"column":5}},"locations":[{"start":{"line":6,"column":-2},"end":{"line":9,"column":5}}]},"2":{"type":"branch","line":13,"loc":{"start":{"line":13,"column":27},"end":{"line":27,"column":1}},"locations":[{"start":{"line":13,"column":27},"end":{"line":27,"column":1}}]},"3":{"type":"branch","line":20,"loc":{"start":{"line":20,"column":-2},"end":{"line":20,"column":22}},"locations":[{"start":{"line":20,"column":-2},"end":{"line":20,"column":22}}]},"4":{"type":"branch","line":20,"loc":{"start":{"line":20,"column":22},"end":{"line":26,"column":5}},"locations":[{"start":{"line":20,"column":22},"end":{"line":26,"column":5}}]},"5":{"type":"branch","line":30,"loc":{"start":{"line":30,"column":26},"end":{"line":79,"column":1}},"locations":[{"start":{"line":30,"column":26},"end":{"line":79,"column":1}}]},"6":{"type":"branch","line":39,"loc":{"start":{"line":39,"column":49},"end":{"line":39,"column":90}},"locations":[{"start":{"line":39,"column":49},"end":{"line":39,"column":90}}]},"7":{"type":"branch","line":39,"loc":{"start":{"line":39,"column":90},"end":{"line":39,"column":102}},"locations":[{"start":{"line":39,"column":90},"end":{"line":39,"column":102}}]},"8":{"type":"branch","line":40,"loc":{"start":{"line":40,"column":59},"end":{"line":40,"column":105}},"locations":[{"start":{"line":40,"column":59},"end":{"line":40,"column":105}}]},"9":{"type":"branch","line":40,"loc":{"start":{"line":40,"column":105},"end":{"line":40,"column":118}},"locations":[{"start":{"line":40,"column":105},"end":{"line":40,"column":118}}]},"10":{"type":"branch","line":48,"loc":{"start":{"line":48,"column":-2},"end":{"line":50,"column":34}},"locations":[{"start":{"line":48,"column":-2},"end":{"line":50,"column":34}}]},"11":{"type":"branch","line":50,"loc":{"start":{"line":50,"column":30},"end":{"line":50,"column":56}},"locations":[{"start":{"line":50,"column":30},"end":{"line":50,"column":56}}]},"12":{"type":"branch","line":50,"loc":{"start":{"line":50,"column":58},"end":{"line":56,"column":9}},"locations":[{"start":{"line":50,"column":58},"end":{"line":56,"column":9}}]},"13":{"type":"branch","line":56,"loc":{"start":{"line":56,"column":9},"end":{"line":70,"column":9}},"locations":[{"start":{"line":56,"column":9},"end":{"line":70,"column":9}}]},"14":{"type":"branch","line":56,"loc":{"start":{"line":56,"column":40},"end":{"line":56,"column":61}},"locations":[{"start":{"line":56,"column":40},"end":{"line":56,"column":61}}]},"15":{"type":"branch","line":56,"loc":{"start":{"line":56,"column":63},"end":{"line":70,"column":9}},"locations":[{"start":{"line":56,"column":63},"end":{"line":70,"column":9}}]},"16":{"type":"branch","line":70,"loc":{"start":{"line":70,"column":8},"end":{"line":76,"column":6}},"locations":[{"start":{"line":70,"column":8},"end":{"line":76,"column":6}}]},"17":{"type":"branch","line":76,"loc":{"start":{"line":76,"column":6},"end":{"line":78,"column":5}},"locations":[{"start":{"line":76,"column":6},"end":{"line":78,"column":5}}]}},"b":{"0":[2],"1":[1],"2":[3],"3":[2],"4":[1],"5":[4],"6":[2],"7":[2],"8":[3],"9":[1],"10":[3],"11":[1],"12":[1],"13":[2],"14":[1],"15":[1],"16":[3],"17":[1]},"fnMap":{"0":{"name":"getTransaction","decl":{"start":{"line":3,"column":23},"end":{"line":10,"column":1}},"loc":{"start":{"line":3,"column":23},"end":{"line":10,"column":1}},"line":3},"1":{"name":"getTransactionById","decl":{"start":{"line":13,"column":27},"end":{"line":27,"column":1}},"loc":{"start":{"line":13,"column":27},"end":{"line":27,"column":1}},"line":13},"2":{"name":"createTransaction","decl":{"start":{"line":30,"column":26},"end":{"line":79,"column":1}},"loc":{"start":{"line":30,"column":26},"end":{"line":79,"column":1}},"line":30}},"f":{"0":2,"1":3,"2":4}}
,"D:\\binar\\code\\challenge 4\\controllers\\user.controller.js": {"path":"D:\\binar\\code\\challenge 4\\controllers\\user.controller.js","all":false,"statementMap":{"0":{"start":{"line":1,"column":0},"end":{"line":1,"column":34}},"1":{"start":{"line":2,"column":0},"end":{"line":2,"column":42}},"2":{"start":{"line":3,"column":0},"end":{"line":3,"column":34}},"3":{"start":{"line":4,"column":0},"end":{"line":4,"column":38}},"4":{"start":{"line":5,"column":0},"end":{"line":5,"column":7}},"5":{"start":{"line":6,"column":0},"end":{"line":6,"column":46}},"6":{"start":{"line":7,"column":0},"end":{"line":7,"column":15}},"7":{"start":{"line":8,"column":0},"end":{"line":8,"column":17}},"8":{"start":{"line":9,"column":0},"end":{"line":9,"column":19}},"9":{"start":{"line":10,"column":0},"end":{"line":10,"column":20}},"10":{"start":{"line":11,"column":0},"end":{"line":11,"column":18}},"11":{"start":{"line":12,"column":0},"end":{"line":12,"column":19}},"12":{"start":{"line":13,"column":0},"end":{"line":13,"column":32}},"13":{"start":{"line":14,"column":0},"end":{"line":14,"column":34}},"14":{"start":{"line":15,"column":0},"end":{"line":15,"column":11}},"15":{"start":{"line":16,"column":0},"end":{"line":16,"column":11}},"16":{"start":{"line":17,"column":0},"end":{"line":17,"column":10}},"17":{"start":{"line":18,"column":0},"end":{"line":18,"column":26}},"18":{"start":{"line":19,"column":0},"end":{"line":19,"column":7}},"19":{"start":{"line":20,"column":0},"end":{"line":20,"column":6}},"20":{"start":{"line":21,"column":0},"end":{"line":21,"column":31}},"21":{"start":{"line":22,"column":0},"end":{"line":22,"column":19}},"22":{"start":{"line":23,"column":0},"end":{"line":23,"column":50}},"23":{"start":{"line":24,"column":0},"end":{"line":24,"column":3}},"24":{"start":{"line":25,"column":0},"end":{"line":25,"column":1}},"25":{"start":{"line":26,"column":0},"end":{"line":26,"column":41}},"26":{"start":{"line":27,"column":0},"end":{"line":27,"column":27}},"27":{"start":{"line":28,"column":0},"end":{"line":28,"column":7}},"28":{"start":{"line":29,"column":0},"end":{"line":29,"column":47}},"29":{"start":{"line":30,"column":0},"end":{"line":30,"column":34}},"30":{"start":{"line":31,"column":0},"end":{"line":31,"column":15}},"31":{"start":{"line":32,"column":0},"end":{"line":32,"column":17}},"32":{"start":{"line":33,"column":0},"end":{"line":33,"column":19}},"33":{"start":{"line":34,"column":0},"end":{"line":34,"column":20}},"34":{"start":{"line":35,"column":0},"end":{"line":35,"column":18}},"35":{"start":{"line":36,"column":0},"end":{"line":36,"column":19}},"36":{"start":{"line":37,"column":0},"end":{"line":37,"column":32}},"37":{"start":{"line":38,"column":0},"end":{"line":38,"column":33}},"38":{"start":{"line":39,"column":0},"end":{"line":39,"column":12}},"39":{"start":{"line":40,"column":0},"end":{"line":40,"column":11}},"40":{"start":{"line":41,"column":0},"end":{"line":41,"column":10}},"41":{"start":{"line":42,"column":0},"end":{"line":42,"column":26}},"42":{"start":{"line":43,"column":0},"end":{"line":43,"column":7}},"43":{"start":{"line":44,"column":0},"end":{"line":44,"column":6}},"44":{"start":{"line":45,"column":0},"end":{"line":45,"column":16}},"45":{"start":{"line":46,"column":0},"end":{"line":46,"column":62}},"46":{"start":{"line":47,"column":0},"end":{"line":47,"column":5}},"47":{"start":{"line":48,"column":0},"end":{"line":48,"column":30}},"48":{"start":{"line":49,"column":0},"end":{"line":49,"column":19}},"49":{"start":{"line":50,"column":0},"end":{"line":50,"column":50}},"50":{"start":{"line":51,"column":0},"end":{"line":51,"column":3}},"51":{"start":{"line":52,"column":0},"end":{"line":52,"column":1}},"52":{"start":{"line":53,"column":0},"end":{"line":53,"column":0}},"53":{"start":{"line":54,"column":0},"end":{"line":54,"column":41}},"54":{"start":{"line":55,"column":0},"end":{"line":55,"column":43}},"55":{"start":{"line":56,"column":0},"end":{"line":56,"column":0}},"56":{"start":{"line":57,"column":0},"end":{"line":57,"column":1}},"57":{"start":{"line":58,"column":0},"end":{"line":58,"column":7}},"58":{"start":{"line":59,"column":0},"end":{"line":59,"column":3}},"59":{"start":{"line":60,"column":0},"end":{"line":60,"column":44}},"60":{"start":{"line":61,"column":0},"end":{"line":61,"column":4}},"61":{"start":{"line":62,"column":0},"end":{"line":62,"column":65}},"62":{"start":{"line":63,"column":0},"end":{"line":63,"column":3}},"63":{"start":{"line":64,"column":0},"end":{"line":64,"column":25}},"64":{"start":{"line":65,"column":0},"end":{"line":65,"column":3}},"65":{"start":{"line":66,"column":0},"end":{"line":66,"column":47}},"66":{"start":{"line":67,"column":0},"end":{"line":67,"column":44}},"67":{"start":{"line":68,"column":0},"end":{"line":68,"column":15}},"68":{"start":{"line":69,"column":0},"end":{"line":69,"column":17}},"69":{"start":{"line":70,"column":0},"end":{"line":70,"column":19}},"70":{"start":{"line":71,"column":0},"end":{"line":71,"column":20}},"71":{"start":{"line":72,"column":0},"end":{"line":72,"column":18}},"72":{"start":{"line":73,"column":0},"end":{"line":73,"column":19}},"73":{"start":{"line":74,"column":0},"end":{"line":74,"column":32}},"74":{"start":{"line":75,"column":0},"end":{"line":75,"column":33}},"75":{"start":{"line":76,"column":0},"end":{"line":76,"column":12}},"76":{"start":{"line":77,"column":0},"end":{"line":77,"column":11}},"77":{"start":{"line":78,"column":0},"end":{"line":78,"column":10}},"78":{"start":{"line":79,"column":0},"end":{"line":79,"column":26}},"79":{"start":{"line":80,"column":0},"end":{"line":80,"column":7}},"80":{"start":{"line":81,"column":0},"end":{"line":81,"column":6}},"81":{"start":{"line":82,"column":0},"end":{"line":82,"column":16}},"82":{"start":{"line":83,"column":0},"end":{"line":83,"column":62}},"83":{"start":{"line":84,"column":0},"end":{"line":84,"column":5}},"84":{"start":{"line":85,"column":0},"end":{"line":85,"column":30}},"85":{"start":{"line":86,"column":0},"end":{"line":86,"column":19}},"86":{"start":{"line":87,"column":0},"end":{"line":87,"column":50}},"87":{"start":{"line":88,"column":0},"end":{"line":88,"column":3}},"88":{"start":{"line":89,"column":0},"end":{"line":89,"column":1}},"89":{"start":{"line":90,"column":0},"end":{"line":90,"column":0}},"90":{"start":{"line":91,"column":0},"end":{"line":91,"column":0}},"91":{"start":{"line":92,"column":0},"end":{"line":92,"column":40}},"92":{"start":{"line":93,"column":0},"end":{"line":93,"column":7}},"93":{"start":{"line":94,"column":0},"end":{"line":94,"column":43}},"94":{"start":{"line":95,"column":0},"end":{"line":95,"column":13}},"95":{"start":{"line":96,"column":0},"end":{"line":96,"column":27}},"96":{"start":{"line":97,"column":0},"end":{"line":97,"column":29}},"97":{"start":{"line":98,"column":0},"end":{"line":98,"column":56}},"98":{"start":{"line":99,"column":0},"end":{"line":99,"column":18}},"99":{"start":{"line":100,"column":0},"end":{"line":100,"column":19}},"100":{"start":{"line":101,"column":0},"end":{"line":101,"column":49}},"101":{"start":{"line":102,"column":0},"end":{"line":102,"column":53}},"102":{"start":{"line":103,"column":0},"end":{"line":103,"column":11}},"103":{"start":{"line":104,"column":0},"end":{"line":104,"column":11}},"104":{"start":{"line":105,"column":0},"end":{"line":105,"column":9}},"105":{"start":{"line":106,"column":0},"end":{"line":106,"column":8}},"106":{"start":{"line":107,"column":0},"end":{"line":107,"column":16}},"107":{"start":{"line":108,"column":0},"end":{"line":108,"column":21}},"108":{"start":{"line":109,"column":0},"end":{"line":109,"column":7}},"109":{"start":{"line":110,"column":0},"end":{"line":110,"column":6}},"110":{"start":{"line":111,"column":0},"end":{"line":111,"column":30}},"111":{"start":{"line":112,"column":0},"end":{"line":112,"column":19}},"112":{"start":{"line":113,"column":0},"end":{"line":113,"column":50}},"113":{"start":{"line":114,"column":0},"end":{"line":114,"column":3}},"114":{"start":{"line":115,"column":0},"end":{"line":115,"column":1}},"115":{"start":{"line":116,"column":0},"end":{"line":116,"column":0}},"116":{"start":{"line":117,"column":0},"end":{"line":117,"column":67}}},"s":{"0":1,"1":1,"2":1,"3":1,"4":2,"5":2,"6":2,"7":2,"8":2,"9":2,"10":2,"11":2,"12":2,"13":2,"14":2,"15":2,"16":2,"17":2,"18":2,"19":2,"20":1,"21":1,"22":1,"23":1,"24":2,"25":1,"26":3,"27":3,"28":3,"29":3,"30":3,"31":3,"32":3,"33":3,"34":3,"35":3,"36":3,"37":3,"38":3,"39":3,"40":3,"41":3,"42":3,"43":3,"44":3,"45":1,"46":1,"47":1,"48":1,"49":1,"50":1,"51":3,"52":1,"53":1,"54":4,"55":4,"56":4,"57":4,"58":4,"59":4,"60":4,"61":4,"62":4,"63":4,"64":4,"65":4,"66":4,"67":4,"68":4,"69":4,"70":4,"71":4,"72":4,"73":4,"74":4,"75":4,"76":4,"77":4,"78":4,"79":4,"80":4,"81":4,"82":1,"83":1,"84":1,"85":4,"86":2,"87":2,"88":4,"89":1,"90":1,"91":1,"92":2,"93":2,"94":2,"95":2,"96":2,"97":2,"98":2,"99":2,"100":2,"101":2,"102":2,"103":2,"104":2,"105":2,"106":2,"107":2,"108":2,"109":2,"110":1,"111":1,"112":1,"113":1,"114":2,"115":1,"116":1},"branchMap":{"0":{"type":"branch","line":4,"loc":{"start":{"line":4,"column":17},"end":{"line":25,"column":1}},"locations":[{"start":{"line":4,"column":17},"end":{"line":25,"column":1}}]},"1":{"type":"branch","line":21,"loc":{"start":{"line":21,"column":-2},"end":{"line":24,"column":3}},"locations":[{"start":{"line":21,"column":-2},"end":{"line":24,"column":3}}]},"2":{"type":"branch","line":26,"loc":{"start":{"line":26,"column":20},"end":{"line":52,"column":1}},"locations":[{"start":{"line":26,"column":20},"end":{"line":52,"column":1}}]},"3":{"type":"branch","line":45,"loc":{"start":{"line":45,"column":-2},"end":{"line":45,"column":15}},"locations":[{"start":{"line":45,"column":-2},"end":{"line":45,"column":15}}]},"4":{"type":"branch","line":45,"loc":{"start":{"line":45,"column":15},"end":{"line":51,"column":3}},"locations":[{"start":{"line":45,"column":15},"end":{"line":51,"column":3}}]},"5":{"type":"branch","line":54,"loc":{"start":{"line":54,"column":20},"end":{"line":89,"column":1}},"locations":[{"start":{"line":54,"column":20},"end":{"line":89,"column":1}}]},"6":{"type":"branch","line":82,"loc":{"start":{"line":82,"column":-2},"end":{"line":82,"column":15}},"locations":[{"start":{"line":82,"column":-2},"end":{"line":82,"column":15}}]},"7":{"type":"branch","line":82,"loc":{"start":{"line":82,"column":15},"end":{"line":86,"column":4}},"locations":[{"start":{"line":82,"column":15},"end":{"line":86,"column":4}}]},"8":{"type":"branch","line":86,"loc":{"start":{"line":86,"column":4},"end":{"line":88,"column":3}},"locations":[{"start":{"line":86,"column":4},"end":{"line":88,"column":3}}]},"9":{"type":"branch","line":92,"loc":{"start":{"line":92,"column":19},"end":{"line":115,"column":1}},"locations":[{"start":{"line":92,"column":19},"end":{"line":115,"column":1}}]},"10":{"type":"branch","line":111,"loc":{"start":{"line":111,"column":-2},"end":{"line":114,"column":3}},"locations":[{"start":{"line":111,"column":-2},"end":{"line":114,"column":3}}]}},"b":{"0":[2],"1":[1],"2":[3],"3":[2],"4":[1],"5":[4],"6":[2],"7":[1],"8":[2],"9":[2],"10":[1]},"fnMap":{"0":{"name":"getUsers","decl":{"start":{"line":4,"column":17},"end":{"line":25,"column":1}},"loc":{"start":{"line":4,"column":17},"end":{"line":25,"column":1}},"line":4},"1":{"name":"getUserById","decl":{"start":{"line":26,"column":20},"end":{"line":52,"column":1}},"loc":{"start":{"line":26,"column":20},"end":{"line":52,"column":1}},"line":26},"2":{"name":"getUserInfo","decl":{"start":{"line":54,"column":20},"end":{"line":89,"column":1}},"loc":{"start":{"line":54,"column":20},"end":{"line":89,"column":1}},"line":54},"3":{"name":"createUser","decl":{"start":{"line":92,"column":19},"end":{"line":115,"column":1}},"loc":{"start":{"line":92,"column":19},"end":{"line":115,"column":1}},"line":92}},"f":{"0":2,"1":3,"2":4,"3":2}}
,"D:\\binar\\code\\challenge 4\\utils\\hello.util.js": {"path":"D:\\binar\\code\\challenge 4\\utils\\hello.util.js","all":false,"statementMap":{"0":{"start":{"line":1,"column":0},"end":{"line":1,"column":21}},"1":{"start":{"line":2,"column":0},"end":{"line":2,"column":0}},"2":{"start":{"line":3,"column":0},"end":{"line":3,"column":26}},"3":{"start":{"line":4,"column":0},"end":{"line":4,"column":1}},"4":{"start":{"line":5,"column":0},"end":{"line":5,"column":0}},"5":{"start":{"line":6,"column":0},"end":{"line":6,"column":22}}},"s":{"0":1,"1":1,"2":1,"3":1,"4":1,"5":1},"branchMap":{"0":{"type":"branch","line":1,"loc":{"start":{"line":1,"column":0},"end":{"line":4,"column":1}},"locations":[{"start":{"line":1,"column":0},"end":{"line":4,"column":1}}]}},"b":{"0":[1]},"fnMap":{"0":{"name":"greet","decl":{"start":{"line":1,"column":0},"end":{"line":4,"column":1}},"loc":{"start":{"line":1,"column":0},"end":{"line":4,"column":1}},"line":1}},"f":{"0":1}}
}
