TN:
SF:consts\mock-request.const.js
FN:1,mockRequest
FNF:1
FNH:1
FNDA:35,mockRequest
DA:1,1
DA:2,35
DA:3,35
DA:4,35
DA:5,35
DA:6,35
DA:7,35
DA:8,35
DA:9,35
DA:10,1
DA:11,1
LF:11
LH:11
BRDA:1,0,0,35
BRDA:7,1,0,8
BRF:2
BRH:2
end_of_record
TN:
SF:consts\mock-response.const.js
FN:1,mockResponse
FNF:1
FNH:1
FNDA:35,mockResponse
DA:1,1
DA:2,35
DA:3,35
DA:4,35
DA:5,35
DA:6,35
DA:7,35
DA:8,1
DA:9,1
LF:9
LH:9
BRDA:1,0,0,35
BRF:1
BRH:1
end_of_record
TN:
SF:controllers\account.controller.js
FN:3,getAccounts
FN:13,getAccountById
FN:30,createAccount
FNF:3
FNH:3
FNDA:2,getAccounts
FNDA:3,getAccountById
FNDA:3,createAccount
DA:1,1
DA:2,1
DA:3,1
DA:4,2
DA:5,2
DA:6,1
DA:7,1
DA:8,1
DA:9,1
DA:10,2
DA:11,1
DA:12,1
DA:13,1
DA:14,3
DA:15,3
DA:16,3
DA:17,3
DA:18,3
DA:19,3
DA:20,3
DA:21,1
DA:22,1
DA:23,1
DA:24,1
DA:25,1
DA:26,1
DA:27,3
DA:28,1
DA:29,1
DA:30,1
DA:31,3
DA:32,3
DA:33,3
DA:34,3
DA:35,3
DA:36,3
DA:37,3
DA:38,1
DA:39,1
DA:40,1
DA:41,1
DA:42,1
DA:43,1
DA:44,1
DA:45,1
DA:46,1
DA:47,1
DA:48,1
DA:49,1
DA:50,1
DA:51,1
DA:52,1
DA:53,1
DA:54,3
DA:55,1
DA:56,1
LF:56
LH:56
BRDA:3,0,0,2
BRDA:6,1,0,1
BRDA:13,2,0,3
BRDA:20,3,0,2
BRDA:20,4,0,1
BRDA:30,5,0,3
BRDA:37,6,0,2
BRDA:37,7,0,1
BRF:8
BRH:8
end_of_record
TN:
SF:controllers\auth.controller.js
FN:4,login
FN:40,authenticate
FNF:2
FNH:2
FNDA:3,login
FNDA:4,authenticate
DA:1,1
DA:2,1
DA:3,1
DA:4,1
DA:5,3
DA:6,3
DA:7,3
DA:8,3
DA:9,3
DA:10,3
DA:11,3
DA:12,3
DA:13,3
DA:14,1
DA:15,1
DA:16,2
DA:17,2
DA:18,2
DA:19,3
DA:20,1
DA:21,1
DA:22,1
DA:23,1
DA:24,1
DA:25,1
DA:26,1
DA:27,1
DA:28,1
DA:29,1
DA:30,1
DA:31,1
DA:32,1
DA:33,1
DA:34,1
DA:35,1
DA:36,1
DA:37,1
DA:38,1
DA:39,1
DA:40,1
DA:41,4
DA:42,4
DA:43,1
DA:44,1
DA:45,3
DA:46,3
DA:47,3
DA:48,3
DA:49,3
DA:50,4
DA:51,3
DA:52,3
DA:53,2
DA:54,1
DA:55,3
DA:56,4
DA:57,1
DA:58,1
DA:59,1
DA:60,4
DA:61,4
DA:62,4
DA:63,1
DA:64,1
LF:64
LH:64
BRDA:4,0,0,3
BRDA:13,1,0,1
BRDA:15,2,0,2
BRDA:19,3,0,1
BRDA:40,4,0,4
BRDA:42,5,0,1
BRDA:44,6,0,3
BRDA:50,7,0,0
BRDA:50,8,0,3
BRDA:56,9,0,1
BRDA:52,10,0,2
BRDA:53,11,0,1
BRF:12
BRH:11
end_of_record
TN:
SF:controllers\transaction.controller.js
FN:3,getTransaction
FN:13,getTransactionById
FN:30,createTransaction
FNF:3
FNH:3
FNDA:2,getTransaction
FNDA:3,getTransactionById
FNDA:4,createTransaction
DA:1,1
DA:2,1
DA:3,1
DA:4,2
DA:5,2
DA:6,1
DA:7,1
DA:8,1
DA:9,1
DA:10,2
DA:11,1
DA:12,1
DA:13,1
DA:14,3
DA:15,3
DA:16,3
DA:17,3
DA:18,3
DA:19,3
DA:20,3
DA:21,1
DA:22,1
DA:23,1
DA:24,1
DA:25,1
DA:26,1
DA:27,3
DA:28,1
DA:29,1
DA:30,1
DA:31,4
DA:32,4
DA:33,4
DA:34,4
DA:35,4
DA:36,4
DA:37,4
DA:38,4
DA:39,4
DA:40,4
DA:41,4
DA:42,4
DA:43,4
DA:44,4
DA:45,4
DA:46,4
DA:47,4
DA:48,3
DA:49,3
DA:50,4
DA:51,1
DA:52,1
DA:53,1
DA:54,1
DA:55,1
DA:56,4
DA:57,1
DA:58,1
DA:59,1
DA:60,1
DA:61,1
DA:62,1
DA:63,1
DA:64,1
DA:65,1
DA:66,1
DA:67,1
DA:68,1
DA:69,1
DA:70,1
DA:71,3
DA:72,3
DA:73,3
DA:74,3
DA:75,3
DA:76,4
DA:77,1
DA:78,1
DA:79,4
DA:80,1
DA:81,1
LF:81
LH:81
BRDA:3,0,0,2
BRDA:6,1,0,1
BRDA:13,2,0,3
BRDA:20,3,0,2
BRDA:20,4,0,1
BRDA:30,5,0,4
BRDA:39,6,0,2
BRDA:39,7,0,2
BRDA:40,8,0,3
BRDA:40,9,0,1
BRDA:48,10,0,3
BRDA:50,11,0,1
BRDA:50,12,0,1
BRDA:56,13,0,2
BRDA:56,14,0,1
BRDA:56,15,0,1
BRDA:70,16,0,3
BRDA:76,17,0,1
BRF:18
BRH:18
end_of_record
TN:
SF:controllers\user.controller.js
FN:4,getUsers
FN:26,getUserById
FN:54,getUserInfo
FN:92,createUser
FNF:4
FNH:4
FNDA:2,getUsers
FNDA:3,getUserById
FNDA:4,getUserInfo
FNDA:2,createUser
DA:1,1
DA:2,1
DA:3,1
DA:4,1
DA:5,2
DA:6,2
DA:7,2
DA:8,2
DA:9,2
DA:10,2
DA:11,2
DA:12,2
DA:13,2
DA:14,2
DA:15,2
DA:16,2
DA:17,2
DA:18,2
DA:19,2
DA:20,2
DA:21,1
DA:22,1
DA:23,1
DA:24,1
DA:25,2
DA:26,1
DA:27,3
DA:28,3
DA:29,3
DA:30,3
DA:31,3
DA:32,3
DA:33,3
DA:34,3
DA:35,3
DA:36,3
DA:37,3
DA:38,3
DA:39,3
DA:40,3
DA:41,3
DA:42,3
DA:43,3
DA:44,3
DA:45,3
DA:46,1
DA:47,1
DA:48,1
DA:49,1
DA:50,1
DA:51,1
DA:52,3
DA:53,1
DA:54,1
DA:55,4
DA:56,4
DA:57,4
DA:58,4
DA:59,4
DA:60,4
DA:61,4
DA:62,4
DA:63,4
DA:64,4
DA:65,4
DA:66,4
DA:67,4
DA:68,4
DA:69,4
DA:70,4
DA:71,4
DA:72,4
DA:73,4
DA:74,4
DA:75,4
DA:76,4
DA:77,4
DA:78,4
DA:79,4
DA:80,4
DA:81,4
DA:82,4
DA:83,1
DA:84,1
DA:85,1
DA:86,4
DA:87,2
DA:88,2
DA:89,4
DA:90,1
DA:91,1
DA:92,1
DA:93,2
DA:94,2
DA:95,2
DA:96,2
DA:97,2
DA:98,2
DA:99,2
DA:100,2
DA:101,2
DA:102,2
DA:103,2
DA:104,2
DA:105,2
DA:106,2
DA:107,2
DA:108,2
DA:109,2
DA:110,2
DA:111,1
DA:112,1
DA:113,1
DA:114,1
DA:115,2
DA:116,1
DA:117,1
LF:117
LH:117
BRDA:4,0,0,2
BRDA:21,1,0,1
BRDA:26,2,0,3
BRDA:45,3,0,2
BRDA:45,4,0,1
BRDA:54,5,0,4
BRDA:82,6,0,2
BRDA:82,7,0,1
BRDA:86,8,0,2
BRDA:92,9,0,2
BRDA:111,10,0,1
BRF:11
BRH:11
end_of_record
TN:
SF:utils\hello.util.js
FN:1,greet
FNF:1
FNH:1
FNDA:1,greet
DA:1,1
DA:2,1
DA:3,1
DA:4,1
DA:5,1
DA:6,1
LF:6
LH:6
BRDA:1,0,0,1
BRF:1
BRH:1
end_of_record
